  [1m[35m (158.4ms)[0m  [1m[35mCREATE DATABASE "project_development" ENCODING = 'unicode'[0m
  [1m[35m (129.1ms)[0m  [1m[35mCREATE DATABASE "project_test" ENCODING = 'unicode'[0m
Started GET "/" for 127.0.0.1 at 2024-02-15 20:10:44 +0500
  [1m[35m (8.8ms)[0m  [1m[35mCREATE TABLE "schema_migrations" ("version" character varying NOT NULL PRIMARY KEY)[0m
  [1m[35m (6.1ms)[0m  [1m[35mCREATE TABLE "ar_internal_metadata" ("key" character varying NOT NULL PRIMARY KEY, "value" character varying, "created_at" timestamp(6) NOT NULL, "updated_at" timestamp(6) NOT NULL)[0m
  [1m[36mActiveRecord::SchemaMigration Load (0.5ms)[0m  [1m[34mSELECT "schema_migrations"."version" FROM "schema_migrations" ORDER BY "schema_migrations"."version" ASC[0m
Processing by Rails::WelcomeController#index as HTML
  Rendering /home/faisal/.rvm/gems/ruby-3.0.0/gems/railties-7.1.2/lib/rails/templates/rails/welcome/index.html.erb
  Rendered /home/faisal/.rvm/gems/ruby-3.0.0/gems/railties-7.1.2/lib/rails/templates/rails/welcome/index.html.erb (Duration: 1.3ms | Allocations: 525)
Completed 200 OK in 23ms (Views: 7.8ms | ActiveRecord: 0.0ms | Allocations: 9269)


  [1m[35m (0.3ms)[0m  [1m[34mSELECT pg_try_advisory_lock(279088437195799245)[0m
  [1m[36mActiveRecord::SchemaMigration Load (0.6ms)[0m  [1m[34mSELECT "schema_migrations"."version" FROM "schema_migrations" ORDER BY "schema_migrations"."version" ASC[0m
  [1m[36mActiveRecord::InternalMetadata Load (0.7ms)[0m  [1m[34mSELECT * FROM "ar_internal_metadata" WHERE "ar_internal_metadata"."key" = $1 ORDER BY "ar_internal_metadata"."key" ASC LIMIT 1[0m  [[nil, "environment"]]
  [1m[36mActiveRecord::InternalMetadata Create (28.9ms)[0m  [1m[32mINSERT INTO "ar_internal_metadata" ("key", "value", "created_at", "updated_at") VALUES ('environment', 'development', '2024-02-15 15:11:17.907502', '2024-02-15 15:11:17.907505') RETURNING "key"[0m
  [1m[35m (0.3ms)[0m  [1m[34mSELECT pg_advisory_unlock(279088437195799245)[0m
  [1m[36mActiveRecord::SchemaMigration Load (0.3ms)[0m  [1m[34mSELECT "schema_migrations"."version" FROM "schema_migrations" ORDER BY "schema_migrations"."version" ASC[0m
Started GET "/" for 127.0.0.1 at 2024-02-15 20:11:27 +0500
  [1m[36mActiveRecord::SchemaMigration Load (0.8ms)[0m  [1m[34mSELECT "schema_migrations"."version" FROM "schema_migrations" ORDER BY "schema_migrations"."version" ASC[0m
Processing by Rails::WelcomeController#index as HTML
  Rendering /home/faisal/.rvm/gems/ruby-3.0.0/gems/railties-7.1.2/lib/rails/templates/rails/welcome/index.html.erb
  Rendered /home/faisal/.rvm/gems/ruby-3.0.0/gems/railties-7.1.2/lib/rails/templates/rails/welcome/index.html.erb (Duration: 1.5ms | Allocations: 525)
Completed 200 OK in 11ms (Views: 4.7ms | ActiveRecord: 0.0ms | Allocations: 6415)


Started GET "/users" for 127.0.0.1 at 2024-02-15 20:11:34 +0500
  
ActionController::RoutingError (No route matches [GET] "/users"):
  
